0:100  0:100  MemLog inited, TSC freq: 1396763324
0:100  0:000  CPU was calibrated with ACPI PM Timer
0:100  0:000  
0:100  0:000  Now is 4.1.2019,  1:20:19 (GMT)
0:100  0:000  Starting Clover revision: 4657 on INSYDE Corp. EFI
0:100  0:000  Build with: [Args: -mc --no-usb -D NO_GRUB_DRIVERS_EMBEDDED -t XCODE8 | -D DISABLE_USB_SUPPORT -D NO_GRUB_DRIVERS_EMBEDDED --conf=/Users/chosli/src/edk2/Conf -D USE_BIOS_BLOCKIO -D USE_LOW_EBDA -a X64 -b RELEASE -t XCODE8 -n 5 | OS: 10.13.6 | XCODE: 10.0]
0:100  0:000  SelfDevicePath=PciRoot(0x0)\Pci(0x1F,0x2)\Sata(0x1,0x0,0x0)\HD(2,GPT,6D573054-0A00-4A61-9E99-42694F5FB991,0x1F4800,0x82000) @8D3EE498
0:100  0:000  SelfDirPath = \EFI\CLOVER
0:100  0:000  === [ Get Smbios ] ========================================
0:100  0:000  Type 16 Index = 0
0:100  0:000  Total Memory Slots Count = 2
0:100  0:000  Type 17 Index = 0
0:100  0:000  SmbiosTable.Type17->Speed = 1600MHz
0:100  0:000  SmbiosTable.Type17->Size = 4096MB
0:100  0:000  SmbiosTable.Type17->Bank/Device = BANK 0 ChannelA-DIMM0
0:100  0:000  SmbiosTable.Type17->Vendor = Hynix/Hyundai
0:100  0:000  SmbiosTable.Type17->SerialNumber = 00000000
0:100  0:000  SmbiosTable.Type17->PartNumber =                   
0:100  0:000  Type 17 Index = 1
0:100  0:000  SmbiosTable.Type17->Speed = 1600MHz
0:100  0:000  SmbiosTable.Type17->Size = 4096MB
0:100  0:000  SmbiosTable.Type17->Bank/Device = BANK 2 ChannelB-DIMM0
0:100  0:000  SmbiosTable.Type17->Vendor = Hynix/Hyundai
0:100  0:000  SmbiosTable.Type17->SerialNumber = 00000000
0:100  0:000  SmbiosTable.Type17->PartNumber =                   
0:100  0:000  Boot status=0
0:100  0:000  Running on: '80J8' with board 'Paganini'
0:100  0:000  === [ GetCPUProperties ] ==================================
0:100  0:000  CPU Vendor = 756E6547 Model=306D4
0:100  0:000   The CPU supported SSE4.1
0:100  0:000  BrandString = Intel(R) Core(TM) M-5Y71 CPU @ 1.20GHz
0:100  0:000   The CPU supported turbo
0:100  0:000  MSR 0x35               20004
0:100  0:000  MSR 0xE2 before patch 1E008408
0:100  0:000  MSR 0xE2 is locked, PM patches will be turned on
0:100  0:000  MSR 0xCE              0005053D_F3010E00
0:100  0:000  corrected FLEX_RATIO = 0
0:100  0:000  MSR 0x1B0             00000000
0:100  0:000  FSBFrequency = 172 MHz, DMI FSBFrequency = 100 MHz, Corrected FSBFrequency = 100 MHz
0:100  0:000  MaxDiv/MinDiv: 14.0/5
0:100  0:000  Turbo: 26/26/26/29
0:100  0:000  Features: 0xBFEBFBFF
0:100  0:000  Threads: 4
0:100  0:000  Cores: 2
0:100  0:000  FSB: 100 MHz
0:100  0:000  CPU: 2400 MHz
0:100  0:000  TSC: 2400 MHz
0:100  0:000  PIS: 100 MHz
0:100  0:000  ExternalClock: 25 MHz
0:100  0:000  === [ GetDevices ] ========================================
0:100  0:000  PCI (00|00:00.00) : 8086 1604 class=060000
0:100  0:000  PCI (00|00:02.00) : 8086 161E class=030000
0:100  0:000   - GFX: Model=Intel HD Graphics 5300 (Intel)
0:100  0:000  PCI (00|00:03.00) : 8086 160C class=040300
0:100  0:000  PCI (00|00:04.00) : 8086 1603 class=118000
0:100  0:000  PCI (00|00:14.00) : 8086 9CB1 class=0C0330
0:100  0:000  PCI (00|00:16.00) : 8086 9CBA class=078000
0:100  0:000  PCI (00|00:16.01) : FFFF FFFF class=FFFFFF
0:100  0:000  PCI (00|00:1B.00) : 8086 9CA0 class=040300
0:100  0:000  PCI (00|00:1C.00) : 8086 9C92 class=060400
0:100  0:000  PCI (00|00:1C.03) : 8086 9C96 class=060400
0:101  0:000  PCI (00|02:00.00) : 168C 003E class=028000
0:101  0:000   - WIFI: Vendor=Atheros
0:101  0:000  PCI (00|00:1D.00) : 8086 9CA6 class=0C0320
0:101  0:000  PCI (00|00:1F.00) : 8086 9CC7 class=060100
0:101  0:000  PCI (00|00:1F.02) : 8086 9C83 class=010601
0:101  0:000  PCI (00|00:1F.03) : 8086 9CA2 class=0C0500
0:101  0:000  === [ GetDefaultSettings ] ================================
0:101  0:000  Clover load options size = 0 bytes
0:105  0:004  EFI\CLOVER\config.plist loaded: Success
0:106  0:000  === [ GetListOfThemes ] ===================================
0:108  0:002  - [00]: black_green
0:111  0:002  - [01]: embedded
0:112  0:001  - [01]: random
0:113  0:000  === [ Found config plists ] ===============================
0:113  0:000  - config.plist
0:113  0:000  === [ GetEarlyUserSettings ] ==============================
0:113  0:000  timeout set to 5
0:113  0:000  Custom boot CUSTOM_BOOT_DISABLED (0x0)
0:113  0:000  ForceKextsToLoad: 2 requested
0:113  0:000   - [0]: System\Library\Extensions\IONetworkingFamily.kext
0:113  0:000   - [1]: System\Library\Extensions\AppleIntelBDWGraphicsFramebuffer.kext
0:113  0:000  KextsToPatch: 4 requested
0:113  0:000   - [00]: com.apple.driver.AppleBacklight (change F%uT%04x to F%uTxxxx in AppleBacklightInjector.kext (credit RehabMan)) :: BinPatch :: data len: 9
0:113  0:000   - [01]: com.apple.driver.AppleIntelBDWGraphicsFramebuffer (Disable minStolenSize less or equal fStolenMemorySize assertion, 10.13 (based on Austere.J patch by Ricky)) :: MatchOS: 10.13.x :: BinPatch :: data len: 6
0:113  0:000   - [02]: com.apple.driver.AppleIntelLpssI2C (Prevent Apple I2C kexts from attaching to I2C controllers, credit CoolStar) :: PlistPatch :: data len: 5
0:113  0:000   - [03]: com.apple.driver.AppleIntelLpssI2CController (Prevent Apple I2C kexts from attaching to I2C controllers, credit CoolStar) :: PlistPatch :: data len: 5
0:113  0:000  KernelToPatch: 1 requested
0:113  0:000   - [00]: MSR 0xE2 _xcpm_idle instant reboot(c) Pike R. Alpha :: data len: 8
0:113  0:000  Default theme: black_green
0:113  0:000  Hiding entries with string Preboot
0:113  0:000  === [ LoadDrivers ] =======================================
0:113  0:000  Loading apfs.efi  status=Success
0:117  0:003   - driver needs connecting
0:117  0:000  Loading AppleImageCodec-64.efi  status=Success
0:117  0:000  Loading AppleKeyAggregator-64.efi  status=Success
0:118  0:000  Loading AppleUITheme-64.efi  status=Success
0:118  0:000  Loading AptioMemoryFix.efi  status=Success
0:119  0:000  Loading DataHubDxe-64.efi  status=Success
0:119  0:000  Loading EmuVariableUefi-64.efi  status=Success
0:120  0:000  EmuVariableUefi Initialize: VariableCommonInitialize = Success, orig services stored, install gEmuVariableControlProtocolGuid = Success
0:120  0:000  Loading Fat-64.efi  status=Success
0:120  0:000   - driver needs connecting
0:120  0:000  Loading FirmwareVolume-64.efi  status=Success
0:121  0:000  Loading FSInject-64.efi  status=Success
0:121  0:000  Loading HFSPlus-64.efi  status=Success
0:122  0:000   - driver needs connecting
0:122  0:000  Loading NTFS.efi  status=Success
0:123  0:000   - driver needs connecting
0:123  0:000  Loading SMCHelper-64.efi  status=Success
0:123  0:000  4 drivers needs connecting ...
0:123  0:000  PlatformDriverOverrideProtocol not found. Installing ... Success
0:123  0:000  HFS+ driver loaded
0:123  0:000  APFS driver loaded
0:124  0:000  Searching for invalid DiskIo BY_DRIVER connects: not found, all ok
0:991  0:867  EmuVariable InstallEmulation: orig vars copied, emu.var.services installed, CreateEvent VirtualAddressChange = Success, CreateEvent ExitBootServices = Success, set Status=Success
1:044  0:053  === [ InitScreen ] ========================================
1:044  0:000  SetMaxResolution: found best mode 3: 1920x1080
1:044  0:000   - already set
1:044  0:000  Console modes reported: 6, available modes:
1:044  0:000   - [01]: 80x25
1:044  0:000   - [03]: 80x25
1:044  0:000   - [04]: 100x31
1:044  0:000   - [05]: 128x40
1:044  0:000   - [06]: 240x56 (current mode)
1:044  0:000  SetScreenResolution: 1920x1080 - already set
1:045  0:000  reinit: self device path=PciRoot(0x0)\Pci(0x1F,0x2)\Sata(0x1,0x0,0x0)\HD(2,GPT,6D573054-0A00-4A61-9E99-42694F5FB991,0x1F4800,0x82000)
1:046  0:001  Using embedded font: Success
1:048  0:002  === [ GetMacAddress ] =====================================
1:048  0:000  === [ ScanSPD ] ===========================================
1:049  0:000  SMBus device : 8086 9CA2 class=0C0500 status=Success
1:049  0:000  SMBus CmdReg: 0x3
1:049  0:000  Scanning SMBus [8086:9CA2], mmio: 0xC1222004, ioport: 0x3040, hostc: 0x11
1:049  0:000  Slots to scan [8]...
1:050  0:001  === [ GetAcpiTablesList ] =================================
1:051  0:000  Get Acpi Tables List from RSDT:
1:051  0:000   - [00]: FACP  CB-01    len=268
1:051  0:000   - [01]: UEFI  CB-01    len=66
1:051  0:000   - [02]: MSDM  CB-01    len=85
1:051  0:000   - [03]: ASPT  CB-01    len=52
1:051  0:000   - [04]: DBGP  CB-01    len=52
1:051  0:000   - [05]: LPIT  CB-01    len=148
1:051  0:000   - [06]: MCFG  CB-01    len=60
1:051  0:000   - [07]: SSDT  CB-01    len=1878
1:051  0:000   - [08]: SSDT  CB-01    len=1172
1:051  0:000   - [09]: SSDT  CB-01    len=23452
1:051  0:000   - [10]: SSDT  CB-01    len=15078
1:051  0:000   - [11]: BOOT  CB-01    len=40
1:051  0:000   - [12]: APIC  CB-01    len=140
1:051  0:000   - [13]: SSDT  CB-01    len=13359
1:051  0:000   - [14]: SSDT  CB-01    len=2932
1:051  0:000   - [15]: ASF!  CB-01    len=165
1:051  0:000   - [16]: WDAT  CB-01    len=548
1:051  0:000   - [17]: UEFI  CB-01    len=566
1:051  0:000   - [18]: HPET  CB-01    len=56
1:051  0:000   - [19]: DMAR  CB-01    len=176
1:051  0:000   - [20]: FPDT  CB-01    len=68
1:051  0:000   - [21]: BGRT  CB-01    len=56
1:051  0:000  Calibrated TSC Frequency = 1396763324 = 1396MHz
1:051  0:000  === [ GetUserSettings ] ===================================
1:051  0:000  USB FixOwnership: yes
1:051  0:000  Dropping 2 tables:
1:051  0:000   - [00]: Drop table  signature="#MCF" (46434D23)
1:051  0:000           - set table: 46434D23,                0 to drop: no
1:051  0:000   - [01]: Drop table  signature="DMAR" (52414D44)
1:051  0:000           - set table: 52414D44,                0 to drop: yes
1:051  0:000   - final DSDT Fix mask=00000000
1:051  0:000  PatchesDSDT: 5 requested
1:051  0:000   - [00]: (change OSID to XSID (to avoid match against _OSI XOSI patch)) lenToFind: 4, lenToReplace: 4, Target Bridge: <null string>
1:051  0:000   - [01]: (change _OSI to XOSI) lenToFind: 4, lenToReplace: 4, Target Bridge: <null string>
1:051  0:000   - [02]: (change _DSM to XDSM) lenToFind: 4, lenToReplace: 4, Target Bridge: <null string>
1:051  0:000   - [03]: (change GFX0 to IGPU) lenToFind: 4, lenToReplace: 4, Target Bridge: <null string>
1:051  0:000   - [04]: (change B0D3 to HDAU) lenToFind: 4, lenToReplace: 4, Target Bridge: <null string>
1:051  0:000  Using ProductName from config: MacBook8,1
1:051  0:000  Found same BiosVersion in clover and config
1:051  0:000  BiosVersion: MB81.88Z.0174.B00.1806051659
1:051  0:000  BiosReleaseDate: 06/05/2018
1:051  0:000  Using FirmwareFeatures from config: 0xFC0FE13F
1:051  0:000  Using FirmwareFeaturesMask from config: 0xFF1FFF3F
1:051  0:000  Board-ID set from config as Mac-BE0E8AC46FE800CC
1:051  0:000  BoardType: 0xA
1:051  0:000  ChassisType: 0x9
1:054  0:002  === [ Found DSDT tables ] =================================
1:055  0:000  - DSDT.aml
1:260  0:205  === [ ScanVolumes ] =======================================
1:260  0:000  Found 14 volumes with blockIO
1:260  0:000  - [00]: Volume: PciRoot(0x0)\Pci(0x1F,0x2)\Sata(0x1,0x0,0x0)
1:260  0:000  - [01]: Volume: PciRoot(0x0)\Pci(0x1F,0x2)\Sata(0x1,0x0,0x0)\HD(1,GPT,3C2EE1F7-C872-4A8E-B301-B66193F0A8BB,0x800,0x1F4000)
1:261  0:000          Result of bootcode detection: bootable Windows (vista,win)
1:261  0:000  - [02]: Volume: PciRoot(0x0)\Pci(0x1F,0x2)\Sata(0x1,0x0,0x0)\HD(2,GPT,6D573054-0A00-4A61-9E99-42694F5FB991,0x1F4800,0x82000)
1:261  0:000          Result of bootcode detection: bootable Windows (vista,win)
1:261  0:000          This is SelfVolume !!
1:261  0:000  - [03]: Volume: PciRoot(0x0)\Pci(0x1F,0x2)\Sata(0x1,0x0,0x0)\HD(3,GPT,25A11AEA-7736-4EE8-BC01-5D626C32C5BB,0x276800,0x1F9000)
1:262  0:000          Result of bootcode detection: bootable Windows (vista,win)
1:262  0:000  - [04]: Volume: PciRoot(0x0)\Pci(0x1F,0x2)\Sata(0x1,0x0,0x0)\HD(4,GPT,6B7AF152-3A30-46AA-9250-AD8E61FECF54,0x46F800,0x40000)
1:262  0:000  - [05]: Volume: PciRoot(0x0)\Pci(0x1F,0x2)\Sata(0x1,0x0,0x0)\HD(5,GPT,A3AEF9FA-E29E-4313-B84F-D808149207CF,0x4AF800,0x7EF4000)
1:262  0:000          Result of bootcode detection: bootable Windows (vista,win)
1:262  0:000  - [06]: Volume: PciRoot(0x0)\Pci(0x1F,0x2)\Sata(0x1,0x0,0x0)\HD(6,GPT,6E87D353-AFB6-11E6-9BD8-000000005AAD,0x83A3800,0x6CE147A)
1:263  0:000          Result of bootcode detection: bootable Windows (vista,win)
1:263  0:000  - [07]: Volume: PciRoot(0x0)\Pci(0x1F,0x2)\Sata(0x1,0x0,0x0)\HD(7,GPT,6E87D354-AFB6-11E6-9BD8-000000005AAD,0xF084C7A,0x466A386)
1:263  0:000          Result of bootcode detection: bootable Windows (vista,win)
1:263  0:000  - [08]: Volume: PciRoot(0x0)\Pci(0x1F,0x2)\Sata(0x1,0x0,0x0)\HD(8,GPT,A993CB38-255A-42AE-9CCD-1A091A42F280,0x136EF000,0x4CFA800)
1:264  0:000          Result of bootcode detection: bootable unknown (legacy)
1:264  0:000  - [09]: Volume: PciRoot(0x0)\Pci(0x1F,0x2)\Sata(0x1,0x0,0x0)\HD(9,GPT,F905845A-0A44-422A-ADF0-6643B22FC92F,0x183E9800,0x5909A88)
1:264  0:000          Result of bootcode detection: bootable unknown (legacy)
1:264  0:000  - [10]: Volume: PciRoot(0x0)\Pci(0x1F,0x2)\Sata(0x1,0x0,0x0)\HD(9,GPT,F905845A-0A44-422A-ADF0-6643B22FC92F,0x183E9800,0x5909A88)\VenMedia(BE74FCF7-0B7C-49F3-9147-01F4042E6842,005E7C102270FF4AB35C9900DEBC1CEE)
1:264  0:000          hiding this volume
1:264  0:000  - [11]: Volume: PciRoot(0x0)\Pci(0x1F,0x2)\Sata(0x1,0x0,0x0)\HD(9,GPT,F905845A-0A44-422A-ADF0-6643B22FC92F,0x183E9800,0x5909A88)\VenMedia(BE74FCF7-0B7C-49F3-9147-01F4042E6842,5DDC03AE3BBC184D90C96D3A541C37BB)
1:264  0:000  - [12]: Volume: PciRoot(0x0)\Pci(0x1F,0x2)\Sata(0x1,0x0,0x0)\HD(9,GPT,F905845A-0A44-422A-ADF0-6643B22FC92F,0x183E9800,0x5909A88)\VenMedia(BE74FCF7-0B7C-49F3-9147-01F4042E6842,D0BAFCC1BCEAEB459A901C619BECBC4B)
1:265  0:000  - [13]: Volume: PciRoot(0x0)\Pci(0x1F,0x2)\Sata(0x1,0x0,0x0)\HD(9,GPT,F905845A-0A44-422A-ADF0-6643B22FC92F,0x183E9800,0x5909A88)\VenMedia(BE74FCF7-0B7C-49F3-9147-01F4042E6842,BC5F3A6A89D2314CBDC42B292043F5D8)
1:267  0:002  PutNvramPlistToRtVars: nvram.plist not found
1:267  0:000  === [ InitTheme ] =========================================
1:270  0:003  Using theme 'black_green' (EFI\CLOVER\themes\black_green)
1:270  0:000  OS main and drive as badge
1:270  0:000  Warning! Character width 21 should be even!
1:274  0:003  Loading font from ThemeDir: Success
1:276  0:001  Chosen theme black_green
1:276  0:000  after NVRAM boot-args=-lilubeta nv_disable=1 dart=0 kext-dev-mode=1 debug=0x100 -alcbeta
1:276  0:000  === [ Dump SMC keys from NVRAM ] ==========================
1:276  0:000  found AppleSMC protocol
1:277  0:000  Registered 17 SMC keys
1:277  0:000  === [ AddCustomEntries ] ==================================
1:277  0:000  Custom entry 0 Title:"Recovery" Path:"\com.apple.recovery.boot\boot.efi" Type:10 Flags:0x6 matching all volumes
1:277  0:000      Checking volume "WINRE_DRV" (PciRoot(0x0)\Pci(0x1F,0x2)\Sata(0x1,0x0,0x0)\HD(1,GPT,3C2EE1F7-C872-4A8E-B301-B66193F0A8BB,0x800,0x1F4000)) ... skipped because path does not exist
1:277  0:000      Checking volume "SYSTEM_DRV" (PciRoot(0x0)\Pci(0x1F,0x2)\Sata(0x1,0x0,0x0)\HD(2,GPT,6D573054-0A00-4A61-9E99-42694F5FB991,0x1F4800,0x82000)) ... skipped because path does not exist
1:277  0:000      Checking volume "LRS_ESP" (PciRoot(0x0)\Pci(0x1F,0x2)\Sata(0x1,0x0,0x0)\HD(3,GPT,25A11AEA-7736-4EE8-BC01-5D626C32C5BB,0x276800,0x1F9000)) ... skipped because path does not exist
1:277  0:000      Checking volume "Windows 10" (PciRoot(0x0)\Pci(0x1F,0x2)\Sata(0x1,0x0,0x0)\HD(5,GPT,A3AEF9FA-E29E-4313-B84F-D808149207CF,0x4AF800,0x7EF4000)) ... skipped because path does not exist
1:277  0:000      Checking volume "Lenovo" (PciRoot(0x0)\Pci(0x1F,0x2)\Sata(0x1,0x0,0x0)\HD(6,GPT,6E87D353-AFB6-11E6-9BD8-000000005AAD,0x83A3800,0x6CE147A)) ... skipped because path does not exist
1:278  0:000      Checking volume "‹" (PciRoot(0x0)\Pci(0x1F,0x2)\Sata(0x1,0x0,0x0)\HD(7,GPT,6E87D354-AFB6-11E6-9BD8-000000005AAD,0xF084C7A,0x466A386)) ... skipped because path does not exist
1:278  0:000      Checking volume "Preboot" (PciRoot(0x0)\Pci(0x1F,0x2)\Sata(0x1,0x0,0x0)\HD(9,GPT,F905845A-0A44-422A-ADF0-6643B22FC92F,0x183E9800,0x5909A88)\VenMedia(BE74FCF7-0B7C-49F3-9147-01F4042E6842,005E7C102270FF4AB35C9900DEBC1CEE)) ... skipped because volume is hidden
1:278  0:000      Checking volume "MACOS" (PciRoot(0x0)\Pci(0x1F,0x2)\Sata(0x1,0x0,0x0)\HD(9,GPT,F905845A-0A44-422A-ADF0-6643B22FC92F,0x183E9800,0x5909A88)\VenMedia(BE74FCF7-0B7C-49F3-9147-01F4042E6842,5DDC03AE3BBC184D90C96D3A541C37BB)) ... skipped because path does not exist
1:278  0:000      Checking volume "Recovery" (PciRoot(0x0)\Pci(0x1F,0x2)\Sata(0x1,0x0,0x0)\HD(9,GPT,F905845A-0A44-422A-ADF0-6643B22FC92F,0x183E9800,0x5909A88)\VenMedia(BE74FCF7-0B7C-49F3-9147-01F4042E6842,D0BAFCC1BCEAEB459A901C619BECBC4B)) ... skipped because path does not exist
1:278  0:000      Checking volume "VM" (PciRoot(0x0)\Pci(0x1F,0x2)\Sata(0x1,0x0,0x0)\HD(9,GPT,F905845A-0A44-422A-ADF0-6643B22FC92F,0x183E9800,0x5909A88)\VenMedia(BE74FCF7-0B7C-49F3-9147-01F4042E6842,BC5F3A6A89D2314CBDC42B292043F5D8)) ... skipped because path does not exist
1:278  0:000  Custom entry 1 Title:"Windows" Path:"\EFI\Microsoft\Boot\bootmgfw.efi" Options:"-s -h" Type:7 Flags:0x0 matching all volumes
1:278  0:000      Checking volume "WINRE_DRV" (PciRoot(0x0)\Pci(0x1F,0x2)\Sata(0x1,0x0,0x0)\HD(1,GPT,3C2EE1F7-C872-4A8E-B301-B66193F0A8BB,0x800,0x1F4000)) ... match!
1:282  0:004  Custom settings: <null string>.plist will  be applied
1:283  0:000      Checking volume "SYSTEM_DRV" (PciRoot(0x0)\Pci(0x1F,0x2)\Sata(0x1,0x0,0x0)\HD(2,GPT,6D573054-0A00-4A61-9E99-42694F5FB991,0x1F4800,0x82000)) ... skipped because path does not exist
1:283  0:000      Checking volume "LRS_ESP" (PciRoot(0x0)\Pci(0x1F,0x2)\Sata(0x1,0x0,0x0)\HD(3,GPT,25A11AEA-7736-4EE8-BC01-5D626C32C5BB,0x276800,0x1F9000)) ... skipped because path does not exist
1:283  0:000      Checking volume "Windows 10" (PciRoot(0x0)\Pci(0x1F,0x2)\Sata(0x1,0x0,0x0)\HD(5,GPT,A3AEF9FA-E29E-4313-B84F-D808149207CF,0x4AF800,0x7EF4000)) ... skipped because path does not exist
1:283  0:000      Checking volume "Lenovo" (PciRoot(0x0)\Pci(0x1F,0x2)\Sata(0x1,0x0,0x0)\HD(6,GPT,6E87D353-AFB6-11E6-9BD8-000000005AAD,0x83A3800,0x6CE147A)) ... skipped because path does not exist
1:284  0:000      Checking volume "‹" (PciRoot(0x0)\Pci(0x1F,0x2)\Sata(0x1,0x0,0x0)\HD(7,GPT,6E87D354-AFB6-11E6-9BD8-000000005AAD,0xF084C7A,0x466A386)) ... skipped because path does not exist
1:284  0:000      Checking volume "Preboot" (PciRoot(0x0)\Pci(0x1F,0x2)\Sata(0x1,0x0,0x0)\HD(9,GPT,F905845A-0A44-422A-ADF0-6643B22FC92F,0x183E9800,0x5909A88)\VenMedia(BE74FCF7-0B7C-49F3-9147-01F4042E6842,005E7C102270FF4AB35C9900DEBC1CEE)) ... skipped because volume is hidden
1:284  0:000      Checking volume "MACOS" (PciRoot(0x0)\Pci(0x1F,0x2)\Sata(0x1,0x0,0x0)\HD(9,GPT,F905845A-0A44-422A-ADF0-6643B22FC92F,0x183E9800,0x5909A88)\VenMedia(BE74FCF7-0B7C-49F3-9147-01F4042E6842,5DDC03AE3BBC184D90C96D3A541C37BB)) ... skipped because path does not exist
1:284  0:000      Checking volume "Recovery" (PciRoot(0x0)\Pci(0x1F,0x2)\Sata(0x1,0x0,0x0)\HD(9,GPT,F905845A-0A44-422A-ADF0-6643B22FC92F,0x183E9800,0x5909A88)\VenMedia(BE74FCF7-0B7C-49F3-9147-01F4042E6842,D0BAFCC1BCEAEB459A901C619BECBC4B)) ... skipped because path does not exist
1:284  0:000      Checking volume "VM" (PciRoot(0x0)\Pci(0x1F,0x2)\Sata(0x1,0x0,0x0)\HD(9,GPT,F905845A-0A44-422A-ADF0-6643B22FC92F,0x183E9800,0x5909A88)\VenMedia(BE74FCF7-0B7C-49F3-9147-01F4042E6842,BC5F3A6A89D2314CBDC42B292043F5D8)) ... skipped because path does not exist
1:284  0:000  === [ ScanLoader ] ========================================
1:284  0:000  - [01]: 'WINRE_DRV'
1:288  0:003          AddLoaderEntry for Volume Name=WINRE_DRV
1:288  0:000       skipped because path `PciRoot(0x0)\Pci(0x1F,0x2)\Sata(0x1,0x0,0x0)\HD(1,GPT,3C2EE1F7-C872-4A8E-B301-B66193F0A8BB,0x800,0x1F4000)\EFI\microsoft\Boot\bootmgfw.efii` already exists for another entry!
1:328  0:039          AddLoaderEntry for Volume Name=WINRE_DRV
1:328  0:000          skipped because entry is hidden
1:328  0:000  - [02]: 'SYSTEM_DRV'
1:355  0:027          AddLoaderEntry for Volume Name=SYSTEM_DRV
1:355  0:000          skipped because entry is hidden
1:355  0:000  - [03]: 'LRS_ESP'
1:382  0:027          AddLoaderEntry for Volume Name=LRS_ESP
1:382  0:000          skipped because entry is hidden
1:382  0:000  - [05]: 'Windows 10'
1:421  0:039  Reallocating buffer from 256 to 258
1:422  0:000  - [06]: 'Lenovo'
1:473  0:050  - [07]: '‹'
1:513  0:039  - [10]: 'Preboot', hidden
1:513  0:000  - [11]: 'MACOS'
1:522  0:009          AddLoaderEntry for Volume Name=MACOS
1:524  0:002      hibernated: set as never
1:527  0:002          [!] Icon 18 (icons\vol_internal_apfs.icns) not found (path: EFI\CLOVER\themes\black_green)
1:555  0:028  - [12]: 'Recovery'
1:556  0:000          AddLoaderEntry for Volume Name=Recovery
1:589  0:033  - [13]: 'VM'
1:616  0:027  === [ AddCustomTool ] =====================================
1:622  0:006  found tool \EFI\CLOVER\tools\Shell64U.efi
1:622  0:000  Checking EFI partition Volume 2 for Clover
1:622  0:000   Found Clover
1:623  0:000  EmuVariable UninstallEmulation: CloseEvent = Success, original var services restored
1:627  0:004  EmuVariable InstallEmulation: orig vars copied, emu.var.services installed, CreateEvent VirtualAddressChange = Success, CreateEvent ExitBootServices = Success, set Status=Success
1:681  0:053  === [ GetEfiBootDeviceFromNvram ] =========================
1:681  0:000  Default boot entry not found
1:681  0:000  EmuVariable UninstallEmulation: CloseEvent = Success, original var services restored
1:681  0:000  DefaultIndex=-1 and MainMenu.EntryCount=9
2:638  0:957  GUI ready
